2025-03-03 20:59:26,761 [INFO] Activator:176 - 


2025-03-03 20:59:26,768 [INFO] Activator:177 - !SESSION log4j initialized
2025-03-03 20:59:33,295 [INFO] LogOutputStream:77 - [STDOUT_REDIRECT] 
2025-03-03 20:59:36,297 [INFO] ApplicationProperties:184 - Using Application install path: C:\ST\STM32CubeIDE_1.13.2\STM32CubeIDE\plugins\com.st.stm32cube.common.mx_6.9.2.202309101412
2025-03-03 20:59:36,326 [INFO] DbMcusXml:78 - Set database path to: C:\ST\STM32CubeIDE_1.13.2\STM32CubeIDE\plugins\com.st.stm32cube.common.mx_6.9.2.202309101412\\db\/mcu/
2025-03-03 20:59:36,326 [INFO] ApiDb:274 - Set plugin database path to: C:\ST\STM32CubeIDE_1.13.2\STM32CubeIDE\plugins\com.st.stm32cube.common.mx_6.9.2.202309101412\\db\/plugins/boardmanager/
2025-03-03 20:59:36,327 [WARN] ApiDb:259 - Overriding images path with different value:  => C:\ST\STM32CubeIDE_1.13.2\STM32CubeIDE\plugins\com.st.stm32cube.common.mx_6.9.2.202309101412\\db\/plugins/mcufinder/images/
2025-03-03 20:59:36,367 [INFO] ApiDb:250 - Set database path to: C:\Users\compro\.stmcufinder\plugins\mcufinder//mcu/
2025-03-03 20:59:36,368 [INFO] DbMcusAds:125 - Set database path to: C:\Users\compro\.stmcufinder\plugins\mcufinder//mcu/
2025-03-03 20:59:36,371 [INFO] CrossReferenceDbSqlite:203 - Set database path to: C:\Users\compro\.stmcufinder\plugins\mcufinder//mcu/cs/
2025-03-03 20:59:36,518 [INFO] RulesReader:64 - Compatibility file has been processed (293 Rules)
2025-03-03 20:59:36,678 [INFO] DbMcusXml:78 - Set database path to: C:\ST\STM32CubeIDE_1.13.2\STM32CubeIDE\plugins\com.st.stm32cube.common.mx_6.9.2.202309101412\\db\/mcu/
2025-03-03 20:59:36,678 [INFO] ApiDb:274 - Set plugin database path to: C:\ST\STM32CubeIDE_1.13.2\STM32CubeIDE\plugins\com.st.stm32cube.common.mx_6.9.2.202309101412\\db\/plugins/boardmanager/
2025-03-03 20:59:36,678 [INFO] ApiDb:261 - Set plugin images path to: C:\ST\STM32CubeIDE_1.13.2\STM32CubeIDE\plugins\com.st.stm32cube.common.mx_6.9.2.202309101412\\db\/plugins/mcufinder/images/
2025-03-03 20:59:36,679 [WARN] DbFile:41 - Overriding database path with different value: C:\Users\compro\.stmcufinder\plugins\mcufinder/ => C:\Users\compro\.stmcufinder\plugins\mcufinder
2025-03-03 20:59:36,679 [INFO] ApiDb:250 - Set database path to: C:\Users\compro\.stmcufinder\plugins\mcufinder//mcu/
2025-03-03 20:59:36,679 [WARN] DbFile:41 - Overriding database path with different value: C:\Users\compro\.stmcufinder\plugins\mcufinder/ => C:\Users\compro\.stmcufinder\plugins\mcufinder
2025-03-03 20:59:36,679 [INFO] DbMcusAds:125 - Set database path to: C:\Users\compro\.stmcufinder\plugins\mcufinder//mcu/
2025-03-03 20:59:36,679 [WARN] DbFile:41 - Overriding database path with different value: C:\Users\compro\.stmcufinder\plugins\mcufinder/ => C:\Users\compro\.stmcufinder\plugins\mcufinder
2025-03-03 20:59:36,679 [WARN] DbFile:41 - Overriding database path with different value: C:\Users\compro\.stmcufinder\plugins\mcufinder/ => C:\Users\compro\.stmcufinder\plugins\mcufinder
2025-03-03 20:59:36,679 [INFO] CrossReferenceDbSqlite:203 - Set database path to: C:\Users\compro\.stmcufinder\plugins\mcufinder//mcu/cs/
2025-03-03 20:59:36,802 [INFO] MainPanel:262 - HeapMemory: 268435456
2025-03-03 20:59:36,952 [INFO] DbMcusXml:78 - Set database path to: C:\ST\STM32CubeIDE_1.13.2\STM32CubeIDE\plugins\com.st.stm32cube.common.mx_6.9.2.202309101412\\db\/mcu/
2025-03-03 20:59:36,952 [INFO] ApiDb:274 - Set plugin database path to: C:\ST\STM32CubeIDE_1.13.2\STM32CubeIDE\plugins\com.st.stm32cube.common.mx_6.9.2.202309101412\\db\/plugins/boardmanager/
2025-03-03 20:59:36,952 [INFO] ApiDb:261 - Set plugin images path to: C:\ST\STM32CubeIDE_1.13.2\STM32CubeIDE\plugins\com.st.stm32cube.common.mx_6.9.2.202309101412\\db\/plugins/mcufinder/images/
2025-03-03 20:59:36,952 [WARN] DbFile:41 - Overriding database path with different value: C:\Users\compro\.stmcufinder\plugins\mcufinder/ => C:\Users\compro\.stmcufinder\plugins\mcufinder
2025-03-03 20:59:36,952 [INFO] ApiDb:250 - Set database path to: C:\Users\compro\.stmcufinder\plugins\mcufinder//mcu/
2025-03-03 20:59:36,952 [WARN] DbFile:41 - Overriding database path with different value: C:\Users\compro\.stmcufinder\plugins\mcufinder/ => C:\Users\compro\.stmcufinder\plugins\mcufinder
2025-03-03 20:59:36,953 [INFO] DbMcusAds:125 - Set database path to: C:\Users\compro\.stmcufinder\plugins\mcufinder//mcu/
2025-03-03 20:59:36,953 [WARN] DbFile:41 - Overriding database path with different value: C:\Users\compro\.stmcufinder\plugins\mcufinder/ => C:\Users\compro\.stmcufinder\plugins\mcufinder
2025-03-03 20:59:36,953 [WARN] DbFile:41 - Overriding database path with different value: C:\Users\compro\.stmcufinder\plugins\mcufinder/ => C:\Users\compro\.stmcufinder\plugins\mcufinder
2025-03-03 20:59:36,953 [INFO] CrossReferenceDbSqlite:203 - Set database path to: C:\Users\compro\.stmcufinder\plugins\mcufinder//mcu/cs/
2025-03-03 20:59:36,982 [INFO] ApplicationProperties:184 - Using Application install path: C:\ST\STM32CubeIDE_1.13.2\STM32CubeIDE\plugins\com.st.stm32cube.common.mx_6.9.2.202309101412
2025-03-03 20:59:36,987 [INFO] PluginManage:196 - Search for loadable plugins [exclusion list=, ]
2025-03-03 20:59:36,990 [INFO] PluginManage:310 - Check plugin analytics
2025-03-03 20:59:37,181 [INFO] AnalyticsPlugin:253 - Accepted Software Licenses: STM32CubeMX.6.13.0
2025-03-03 20:59:37,181 [INFO] AnalyticsPlugin:255 - Accepted CMSIS Pack Licenses: 
2025-03-03 20:59:37,181 [INFO] AnalyticsPlugin:257 - Accepted Firmware Licenses: 
2025-03-03 20:59:37,184 [INFO] PluginManage:359 - Loaded plugin analytics (category:tool,tabindex:-1)
2025-03-03 20:59:37,184 [INFO] PluginManage:310 - Check plugin cadmodel
2025-03-03 20:59:37,263 [INFO] CADModel:105 - Init CAD model plugin
2025-03-03 20:59:37,264 [INFO] PluginManage:359 - Loaded plugin cadmodel (category:power,tabindex:5)
2025-03-03 20:59:37,264 [INFO] PluginManage:310 - Check plugin clock
2025-03-03 20:59:37,321 [INFO] PluginManage:359 - Loaded plugin clock (category:base,tabindex:2)
2025-03-03 20:59:37,321 [INFO] PluginManage:310 - Check plugin ddr
2025-03-03 20:59:37,324 [INFO] PluginManage:359 - Loaded plugin ddr (category:tool,tabindex:6)
2025-03-03 20:59:37,324 [INFO] PluginManage:310 - Check plugin filemanager
2025-03-03 20:59:37,506 [INFO] PluginManage:359 - Loaded plugin filemanager (category:base,tabindex:10)
2025-03-03 20:59:37,507 [INFO] PluginManage:310 - Check plugin ipmanager
2025-03-03 20:59:37,520 [INFO] PluginManage:359 - Loaded plugin ipmanager (category:base,tabindex:5)
2025-03-03 20:59:37,520 [INFO] PluginManage:310 - Check plugin lpbam
2025-03-03 20:59:37,540 [INFO] PluginManage:359 - Loaded plugin lpbam (category:base,tabindex:0)
2025-03-03 20:59:37,540 [INFO] PluginManage:310 - Check plugin memorymap
2025-03-03 20:59:37,569 [INFO] PluginManage:359 - Loaded plugin memorymap (category:base,tabindex:4)
2025-03-03 20:59:37,569 [INFO] PluginManage:310 - Check plugin pinoutandconfiguration
2025-03-03 20:59:37,594 [INFO] PluginManage:359 - Loaded plugin pinoutandconfiguration (category:base,tabindex:1)
2025-03-03 20:59:37,594 [INFO] PluginManage:310 - Check plugin pinoutconfig
2025-03-03 20:59:37,730 [WARN] SupportedApi:132 - Cannot load RTOS API schema: s4s-elt-must-match.1: The content of 'definitions' must match (annotation?, (simpleType | complexType)?, (unique | key | keyref)*)). A problem was found starting at: attribute.
2025-03-03 20:59:37,900 [INFO] PluginManage:359 - Loaded plugin pinoutconfig (category:base,tabindex:0)
2025-03-03 20:59:37,901 [INFO] PluginManage:310 - Check plugin power
2025-03-03 20:59:37,971 [INFO] PluginManage:359 - Loaded plugin power (category:power,tabindex:4)
2025-03-03 20:59:37,972 [INFO] PluginManage:310 - Check plugin projectmanager
2025-03-03 20:59:37,991 [INFO] PluginManage:359 - Loaded plugin projectmanager (category:projectmanager,tabindex:3)
2025-03-03 20:59:37,991 [INFO] PluginManage:310 - Check plugin thirdparty
2025-03-03 20:59:38,231 [INFO] PluginManage:359 - Loaded plugin thirdparty (category:base,tabindex:-1)
2025-03-03 20:59:38,231 [WARN] IntegrityCheckThread:84 - waiting for thirdparty lock release [integrity check]
2025-03-03 20:59:38,231 [INFO] PluginManage:310 - Check plugin tools
2025-03-03 20:59:38,232 [INFO] IntegrityCheckThread:86 - entering critical section [integrity check]
2025-03-03 20:59:38,232 [INFO] ThirdPartyUpdaterWithRetryManager:70 - Updater plugin not ready yet. [1/15]
2025-03-03 20:59:38,240 [INFO] PluginManage:359 - Loaded plugin tools (category:base,tabindex:7)
2025-03-03 20:59:38,240 [INFO] PluginManage:310 - Check plugin tutovideos
2025-03-03 20:59:38,442 [INFO] PluginManage:359 - Loaded plugin tutovideos (category:base,tabindex:-1)
2025-03-03 20:59:38,442 [INFO] PluginManage:310 - Check plugin updater
2025-03-03 20:59:38,457 [INFO] PluginManage:359 - Loaded plugin updater (category:base,tabindex:12)
2025-03-03 20:59:38,457 [INFO] PluginManage:310 - Check plugin userauth
2025-03-03 20:59:38,464 [INFO] UserAuth:113 - Init User Auth plugin
2025-03-03 20:59:38,464 [INFO] PluginManage:359 - Loaded plugin userauth (category:base,tabindex:14)
2025-03-03 20:59:38,464 [INFO] PluginManage:283 - PluginManage : Loaded plugins [17]
2025-03-03 20:59:38,741 [INFO] PinOutPanel:1499 - setPackage(No Configuration,No Configuration)
2025-03-03 20:59:38,905 [INFO] CADModel:165 - CPN selected for project level
2025-03-03 20:59:38,906 [INFO] CADModel:114 - Register for checkConnection events
2025-03-03 20:59:38,934 [INFO] IPUIPlugin:80 - create IPUIPlugin
2025-03-03 20:59:38,934 [INFO] PluginManager:220 - loadIPPluginJar : add adc
2025-03-03 20:59:38,943 [INFO] IPUIPlugin:80 - create IPUIPlugin
2025-03-03 20:59:38,943 [INFO] PluginManager:220 - loadIPPluginJar : add aes
2025-03-03 20:59:38,954 [INFO] IPUIPlugin:80 - create IPUIPlugin
2025-03-03 20:59:38,954 [INFO] PluginManager:220 - loadIPPluginJar : add can
2025-03-03 20:59:38,960 [INFO] IPUIPlugin:80 - create IPUIPlugin
2025-03-03 20:59:38,960 [INFO] PluginManager:220 - loadIPPluginJar : add comp
2025-03-03 20:59:38,970 [INFO] IPUIPlugin:80 - create IPUIPlugin
2025-03-03 20:59:38,971 [INFO] PluginManager:220 - loadIPPluginJar : add cryp
2025-03-03 20:59:38,978 [INFO] IPUIPlugin:80 - create IPUIPlugin
2025-03-03 20:59:38,979 [INFO] PluginManager:220 - loadIPPluginJar : add dfsdm
2025-03-03 20:59:38,990 [INFO] IPUIPlugin:80 - create IPUIPlugin
2025-03-03 20:59:38,991 [INFO] PluginManager:220 - loadIPPluginJar : add dma
2025-03-03 20:59:38,999 [INFO] IPUIPlugin:80 - create IPUIPlugin
2025-03-03 20:59:39,000 [INFO] PluginManager:220 - loadIPPluginJar : add dma3
2025-03-03 20:59:39,005 [INFO] IPUIPlugin:80 - create IPUIPlugin
2025-03-03 20:59:39,005 [INFO] PluginManager:220 - loadIPPluginJar : add fatfs
2025-03-03 20:59:39,018 [INFO] IPUIPlugin:80 - create IPUIPlugin
2025-03-03 20:59:39,019 [INFO] PluginManager:220 - loadIPPluginJar : add fmc
2025-03-03 20:59:39,037 [INFO] IPUIPlugin:80 - create IPUIPlugin
2025-03-03 20:59:39,038 [INFO] PluginManager:220 - loadIPPluginJar : add freertos
2025-03-03 20:59:39,042 [INFO] IPUIPlugin:80 - create IPUIPlugin
2025-03-03 20:59:39,043 [INFO] PluginManager:220 - loadIPPluginJar : add genericplugin
2025-03-03 20:59:39,052 [INFO] IPUIPlugin:80 - create IPUIPlugin
2025-03-03 20:59:39,053 [INFO] PluginManager:220 - loadIPPluginJar : add gfxmmu
2025-03-03 20:59:39,064 [INFO] IPUIPlugin:80 - create IPUIPlugin
2025-03-03 20:59:39,064 [INFO] PluginManager:220 - loadIPPluginJar : add gic
2025-03-03 20:59:39,077 [INFO] IPUIPlugin:80 - create IPUIPlugin
2025-03-03 20:59:39,077 [INFO] PluginManager:220 - loadIPPluginJar : add gpio
2025-03-03 20:59:39,089 [INFO] IPUIPlugin:80 - create IPUIPlugin
2025-03-03 20:59:39,089 [INFO] PluginManager:220 - loadIPPluginJar : add gtzc
2025-03-03 20:59:39,098 [INFO] IPUIPlugin:80 - create IPUIPlugin
2025-03-03 20:59:39,098 [INFO] PluginManager:220 - loadIPPluginJar : add hash
2025-03-03 20:59:39,108 [INFO] IPUIPlugin:80 - create IPUIPlugin
2025-03-03 20:59:39,108 [INFO] PluginManager:220 - loadIPPluginJar : add i2c
2025-03-03 20:59:39,119 [INFO] IPUIPlugin:80 - create IPUIPlugin
2025-03-03 20:59:39,119 [INFO] PluginManager:220 - loadIPPluginJar : add i2s
2025-03-03 20:59:39,131 [INFO] IPUIPlugin:80 - create IPUIPlugin
2025-03-03 20:59:39,131 [INFO] PluginManager:220 - loadIPPluginJar : add i3c
2025-03-03 20:59:39,143 [INFO] IPUIPlugin:80 - create IPUIPlugin
2025-03-03 20:59:39,143 [INFO] PluginManager:220 - loadIPPluginJar : add ipddr
2025-03-03 20:59:39,158 [INFO] IPUIPlugin:80 - create IPUIPlugin
2025-03-03 20:59:39,158 [INFO] PluginManager:220 - loadIPPluginJar : add linkedlist
2025-03-03 20:59:39,167 [INFO] IPUIPlugin:80 - create IPUIPlugin
2025-03-03 20:59:39,167 [INFO] PluginManager:220 - loadIPPluginJar : add lorawan
2025-03-03 20:59:39,175 [INFO] IPUIPlugin:80 - create IPUIPlugin
2025-03-03 20:59:39,175 [INFO] PluginManager:220 - loadIPPluginJar : add ltdc
2025-03-03 20:59:39,187 [INFO] IPUIPlugin:80 - create IPUIPlugin
2025-03-03 20:59:39,187 [INFO] PluginManager:220 - loadIPPluginJar : add mdma
2025-03-03 20:59:39,198 [INFO] IPUIPlugin:80 - create IPUIPlugin
2025-03-03 20:59:39,198 [INFO] PluginManager:220 - loadIPPluginJar : add nvic
2025-03-03 20:59:39,207 [INFO] IPUIPlugin:80 - create IPUIPlugin
2025-03-03 20:59:39,208 [INFO] PluginManager:220 - loadIPPluginJar : add opamp
2025-03-03 20:59:39,218 [INFO] IPUIPlugin:80 - create IPUIPlugin
2025-03-03 20:59:39,218 [INFO] PluginManager:220 - loadIPPluginJar : add openamp
2025-03-03 20:59:39,229 [INFO] IPUIPlugin:80 - create IPUIPlugin
2025-03-03 20:59:39,229 [INFO] PluginManager:220 - loadIPPluginJar : add pdm2pcm
2025-03-03 20:59:39,243 [INFO] IPUIPlugin:80 - create IPUIPlugin
2025-03-03 20:59:39,245 [INFO] PluginManager:220 - loadIPPluginJar : add plateformsettings
2025-03-03 20:59:39,251 [INFO] IPUIPlugin:80 - create IPUIPlugin
2025-03-03 20:59:39,251 [INFO] PluginManager:220 - loadIPPluginJar : add quadspi
2025-03-03 20:59:39,268 [INFO] IPUIPlugin:80 - create IPUIPlugin
2025-03-03 20:59:39,268 [INFO] PluginManager:220 - loadIPPluginJar : add resmgrutility
2025-03-03 20:59:39,280 [INFO] IPUIPlugin:80 - create IPUIPlugin
2025-03-03 20:59:39,280 [INFO] PluginManager:220 - loadIPPluginJar : add sai
2025-03-03 20:59:39,290 [INFO] IPUIPlugin:80 - create IPUIPlugin
2025-03-03 20:59:39,290 [INFO] PluginManager:220 - loadIPPluginJar : add spi
2025-03-03 20:59:39,304 [INFO] IPUIPlugin:80 - create IPUIPlugin
2025-03-03 20:59:39,304 [INFO] PluginManager:220 - loadIPPluginJar : add stm32_wpan
2025-03-03 20:59:39,311 [INFO] IPUIPlugin:80 - create IPUIPlugin
2025-03-03 20:59:39,311 [INFO] PluginManager:220 - loadIPPluginJar : add tim
2025-03-03 20:59:39,323 [INFO] IPUIPlugin:80 - create IPUIPlugin
2025-03-03 20:59:39,323 [INFO] PluginManager:220 - loadIPPluginJar : add touchsensing
2025-03-03 20:59:39,330 [INFO] IPUIPlugin:80 - create IPUIPlugin
2025-03-03 20:59:39,330 [INFO] PluginManager:220 - loadIPPluginJar : add tracer_emb
2025-03-03 20:59:39,337 [INFO] IPUIPlugin:80 - create IPUIPlugin
2025-03-03 20:59:39,337 [INFO] PluginManager:220 - loadIPPluginJar : add ts
2025-03-03 20:59:39,344 [INFO] IPUIPlugin:80 - create IPUIPlugin
2025-03-03 20:59:39,344 [INFO] PluginManager:220 - loadIPPluginJar : add tsc
2025-03-03 20:59:39,351 [INFO] IPUIPlugin:80 - create IPUIPlugin
2025-03-03 20:59:39,351 [INFO] PluginManager:220 - loadIPPluginJar : add ucpd
2025-03-03 20:59:39,363 [INFO] IPUIPlugin:80 - create IPUIPlugin
2025-03-03 20:59:39,363 [INFO] PluginManager:220 - loadIPPluginJar : add usart
2025-03-03 20:59:39,376 [INFO] IPUIPlugin:80 - create IPUIPlugin
2025-03-03 20:59:39,376 [INFO] PluginManager:220 - loadIPPluginJar : add usbx
2025-03-03 20:59:39,513 [INFO] CADModel:165 - CPN selected for project level
2025-03-03 20:59:39,513 [INFO] CADModel:114 - Register for checkConnection events
2025-03-03 20:59:39,513 [FATAL] Updater:308 - Updater called before beeing initialized
2025-03-03 20:59:39,513 [ERROR] CADModel:125 - Updater not yet initialized, retry later 
2025-03-03 20:59:39,651 [INFO] CADModel:165 - CPN selected for project level
2025-03-03 20:59:39,651 [INFO] CADModel:114 - Register for checkConnection events
2025-03-03 20:59:39,651 [FATAL] Updater:308 - Updater called before beeing initialized
2025-03-03 20:59:39,651 [ERROR] CADModel:125 - Updater not yet initialized, retry later 
2025-03-03 20:59:39,654 [FATAL] Updater:308 - Updater called before beeing initialized
2025-03-03 20:59:39,767 [FATAL] Updater:308 - Updater called before beeing initialized
2025-03-03 20:59:39,772 [INFO] DbMcusAds:53 - JSON generation date=Wed Dec 18 01:01:15 KST 2024 (1734451275111)
2025-03-03 20:59:39,772 [FATAL] Updater:308 - Updater called before beeing initialized
2025-03-03 20:59:39,821 [WARN] DetailPanel:346 - Failed to get advertising image, set to default
2025-03-03 20:59:39,956 [FATAL] Updater:308 - Updater called before beeing initialized
2025-03-03 20:59:39,972 [FATAL] Updater:308 - Updater called before beeing initialized
2025-03-03 20:59:39,972 [FATAL] Updater:308 - Updater called before beeing initialized
2025-03-03 20:59:39,973 [WARN] DetailPanel:346 - Failed to get advertising image, set to default
2025-03-03 20:59:39,973 [FATAL] Updater:308 - Updater called before beeing initialized
2025-03-03 20:59:40,033 [ERROR] Updater:1120 - MainUpdater not yet initialized. External WinMGr cannot be set.
2025-03-03 20:59:40,039 [INFO] Updater:1056 - Updater Version found : 6.9.2
2025-03-03 20:59:40,056 [INFO] ApplicationProperties:184 - Using Application install path: C:\ST\STM32CubeIDE_1.13.2\STM32CubeIDE\plugins\com.st.stm32cube.common.mx_6.9.2.202309101412
2025-03-03 20:59:41,235 [INFO] ThirdPartyUpdaterWithRetryManager:70 - Updater plugin not ready yet. [2/15]
2025-03-03 20:59:41,256 [INFO] MainUpdater:2868 - connection check result : 10
2025-03-03 20:59:41,257 [INFO] MainUpdater:285 - Updater Check For Update Now.
2025-03-03 20:59:41,257 [INFO] MicroXplorer:498 - Change Database Version : DB.6.0.92
2025-03-03 20:59:41,265 [INFO] McuFinderGlobals:63 - Set McuFinder mode to 2 (CubeIDE integrated)
2025-03-03 20:59:41,266 [INFO] UserAuth:179 - activating auth plugin
2025-03-03 20:59:41,269 [INFO] UserAuth:393 - Internet connection configuration mode: 1
2025-03-03 20:59:41,298 [INFO] JxBrowserEngine:151 - Initiate JxBrowser Engine with user profile folder
2025-03-03 20:59:41,452 [INFO] CheckServerUpdateThread:120 - End of CheckServer Thread
2025-03-03 20:59:44,953 [INFO] WebApp:157 - Instantiating new browser for Auth
2025-03-03 20:59:45,194 [WARN] PackLoader:240 - Cannot read IP mode file for STMicroelectronics.FP-SNS-MOTENVWB1.1.4.0
2025-03-03 20:59:45,253 [WARN] PackLoader:240 - Cannot read IP mode file for STMicroelectronics.FP-ATR-ASTRA1.2.0.2
2025-03-03 20:59:45,264 [WARN] PackLoader:240 - Cannot read IP mode file for STMicroelectronics.FP-ATR-ASTRA1.2.0.1
2025-03-03 20:59:45,320 [WARN] PackLoader:240 - Cannot read IP mode file for STMicroelectronics.X-CUBE-SMBUS.2.1.0
2025-03-03 20:59:45,338 [WARN] PackLoader:240 - Cannot read IP mode file for STMicroelectronics.X-CUBE-WB05N.1.1.0
2025-03-03 20:59:45,378 [WARN] PackLoader:240 - Cannot read IP mode file for STMicroelectronics.X-CUBE-AZRTOS-F7.1.1.0
2025-03-03 20:59:45,391 [WARN] PackLoader:240 - Cannot read IP mode file for STMicroelectronics.FP-SNS-FLIGHT1.5.0.2
2025-03-03 20:59:45,406 [ERROR] Engine:466 - C:\Users\compro\.stm32cubemx\thirdparties\pdsc\Infineon.AIROC-Wi-Fi-Bluetooth-STM32.1.7.0.pdsc: PDSC version is not supported
2025-03-03 20:59:45,418 [WARN] PackLoader:240 - Cannot read IP mode file for STMicroelectronics.X-CUBE-DISPLAY.3.0.0
2025-03-03 20:59:45,440 [WARN] PackLoader:240 - Cannot read IP mode file for STMicroelectronics.X-CUBE-BLE1.7.0.0
2025-03-03 20:59:45,457 [WARN] PackLoader:240 - Cannot read IP mode file for STMicroelectronics.X-CUBE-NFC10.1.0.0
2025-03-03 20:59:45,465 [ERROR] Engine:466 - C:\Users\compro\.stm32cubemx\thirdparties\pdsc\STMicroelectronics.X-CUBE-BLEMGR.4.0.0.pdsc: PDSC version is not supported
2025-03-03 20:59:45,476 [WARN] PackLoader:240 - Cannot read IP mode file for emotas.I-CUBE-CANOPEN.1.3.0
2025-03-03 20:59:45,493 [WARN] PackLoader:240 - Cannot read IP mode file for STMicroelectronics.X-CUBE-AI.10.0.0
2025-03-03 20:59:45,503 [WARN] PackLoader:240 - Cannot read IP mode file for STMicroelectronics.FP-SNS-SMARTAG2.1.2.0
2025-03-03 20:59:45,604 [WARN] PackLoader:240 - Cannot read IP mode file for STMicroelectronics.X-CUBE-MEMS1.11.1.0
2025-03-03 20:59:45,867 [INFO] LogOutputStream:77 - [STDOUT_REDIRECT] 1 : Invalid condition id : UX_CORESTACK_Condition cause : null
2025-03-03 20:59:45,870 [INFO] LogOutputStream:77 - [STDOUT_REDIRECT] 1 : Invalid condition id : UX_CORESTACK_Condition cause : null
2025-03-03 20:59:45,871 [INFO] LogOutputStream:77 - [STDOUT_REDIRECT] 1 : Invalid condition id : UX_CORESTACK_Condition cause : null
2025-03-03 20:59:45,874 [INFO] LogOutputStream:77 - [STDOUT_REDIRECT] 1 : Invalid condition id : UX_CORESTACK_Condition cause : null
2025-03-03 20:59:45,875 [INFO] LogOutputStream:77 - [STDOUT_REDIRECT] 1 : Invalid condition id : UX_CORESTACK_Condition cause : null
2025-03-03 20:59:45,885 [WARN] PackLoader:240 - Cannot read IP mode file for STMicroelectronics.X-CUBE-AZRTOS-WL.2.0.0
2025-03-03 20:59:45,897 [WARN] PackLoader:240 - Cannot read IP mode file for STMicroelectronics.FP-SNS-MOTENV1.5.0.0
2025-03-03 20:59:45,909 [WARN] PackLoader:240 - Cannot read IP mode file for wolfSSL.I-CUBE-wolfMQTT.1.19.0
2025-03-03 20:59:45,925 [WARN] PackLoader:240 - Cannot read IP mode file for WES.I-CUBE-Cesium.1.3.0
2025-03-03 20:59:45,938 [WARN] PackLoader:240 - Cannot read IP mode file for STMicroelectronics.X-CUBE-BLE2.3.3.0
2025-03-03 20:59:45,955 [WARN] PackLoader:240 - Cannot read IP mode file for STMicroelectronics.X-CUBE-NFC9.1.0.0
2025-03-03 20:59:45,978 [WARN] PackLoader:240 - Cannot read IP mode file for STMicroelectronics.X-CUBE-AZRTOS-G0.1.1.0
2025-03-03 20:59:45,996 [WARN] PackLoader:240 - Cannot read IP mode file for STMicroelectronics.X-CUBE-SAFEA1.1.2.2
2025-03-03 20:59:46,014 [WARN] PackLoader:240 - Cannot read IP mode file for STMicroelectronics.X-CUBE-NFC4.3.0.0
2025-03-03 20:59:46,023 [ERROR] Engine:466 - C:\Users\compro\.stm32cubemx\thirdparties\pdsc\EmbeddedOffice.I-CUBE-FS-RTOS.1.0.1.pdsc: PDSC version is not supported
2025-03-03 20:59:46,035 [ERROR] Engine:466 - C:\Users\compro\.stm32cubemx\thirdparties\pdsc\STMicroelectronics.X-CUBE-TCPP.4.2.0.pdsc: PDSC version is not supported
2025-03-03 20:59:46,041 [ERROR] Engine:466 - C:\Users\compro\.stm32cubemx\thirdparties\pdsc\RealThread.X-CUBE-RT-Thread_Nano.4.1.1.pdsc: PDSC version is not supported
2025-03-03 20:59:46,051 [WARN] PackLoader:240 - Cannot read IP mode file for STMicroelectronics.FP-ATR-SIGFOX1.3.2.0
2025-03-03 20:59:46,056 [ERROR] Engine:466 - C:\Users\compro\.stm32cubemx\thirdparties\pdsc\quantropi.X-CUBE-qispace-sdk-base.1.9.3.pdsc: PDSC version is not supported
2025-03-03 20:59:46,063 [INFO] WebApp:753 - Register for checkConnection events
2025-03-03 20:59:46,063 [INFO] WebApp:390 - Apply proxy settings
2025-03-03 20:59:46,063 [INFO] WebApp:475 - Chromium requires no authentication
2025-03-03 20:59:46,074 [INFO] WebApp:418 - Direct internet connection detected
2025-03-03 20:59:46,074 [WARN] PackLoader:240 - Cannot read IP mode file for STMicroelectronics.X-CUBE-EEPRMA1.5.1.0
2025-03-03 20:59:46,085 [WARN] PackLoader:240 - Cannot read IP mode file for wolfSSL.I-CUBE-wolfSSL.5.7.6
2025-03-03 20:59:46,098 [WARN] PackLoader:240 - Cannot read IP mode file for ITTIA_DB.I-CUBE-ITTIADB.8.9.0
2025-03-03 20:59:46,130 [WARN] PackLoader:240 - Cannot read IP mode file for SEGGER.I-CUBE-embOS.1.3.1
2025-03-03 20:59:46,189 [WARN] PackLoader:240 - Cannot read IP mode file for STMicroelectronics.X-CUBE-ALGOBUILD.1.4.0
2025-03-03 20:59:46,211 [WARN] PackLoader:240 - Cannot read IP mode file for STMicroelectronics.X-CUBE-AZRTOS-F4.1.1.0
2025-03-03 20:59:46,225 [WARN] PackLoader:240 - Cannot read IP mode file for STMicroelectronics.X-CUBE-ISPU.2.1.0
2025-03-03 20:59:46,246 [WARN] PackLoader:240 - Cannot read IP mode file for STMicroelectronics.X-CUBE-AZRTOS-L5.2.0.0
2025-03-03 20:59:46,273 [WARN] PackLoader:240 - Cannot read IP mode file for STMicroelectronics.X-CUBE-NFC6.3.1.0
2025-03-03 20:59:46,281 [ERROR] Engine:466 - C:\Users\compro\.stm32cubemx\thirdparties\pdsc\STMicroelectronics.X-CUBE-DPower.1.2.0.pdsc: PDSC version is not supported
2025-03-03 20:59:46,296 [WARN] PackLoader:240 - Cannot read IP mode file for STMicroelectronics.X-CUBE-FREERTOS.1.3.0
2025-03-03 20:59:46,312 [WARN] PackLoader:240 - Cannot read IP mode file for STMicroelectronics.X-CUBE-NFC7.1.0.1
2025-03-03 20:59:46,340 [WARN] ConditionMgr:438 - getConditionDescription Invalid condition id : LAN8742 Phy interface Condition cause : null
2025-03-03 20:59:46,341 [WARN] PackLoader:240 - Cannot read IP mode file for STMicroelectronics.X-CUBE-AZRTOS-L4.2.0.0
2025-03-03 20:59:46,342 [WARN] ConditionMgr:1039 - genDependencies : Invalid condition id : LAN8742 Phy interface Condition cause : null
2025-03-03 20:59:46,342 [WARN] ConditionMgr:1039 - genDependencies : Invalid condition id : LAN8742 Phy interface Condition cause : null
2025-03-03 20:59:46,343 [WARN] ConditionMgr:1039 - genDependencies : Invalid condition id : LAN8742 Phy interface Condition cause : null
2025-03-03 20:59:46,358 [INFO] WebApp:188 - Starting web application
2025-03-03 20:59:46,358 [INFO] WebApp:520 - Web application path used C:\ST\STM32CubeIDE_1.13.2\STM32CubeIDE\plugins\com.st.stm32cube.common.mx_6.9.2.202309101412\db\plugins\mcufinder\reactClient1\index.html
2025-03-03 20:59:46,366 [WARN] PackLoader:240 - Cannot read IP mode file for STMicroelectronics.X-CUBE-SFXS2LP1.4.0.0
2025-03-03 20:59:46,402 [WARN] PackLoader:240 - Cannot read IP mode file for STMicroelectronics.X-CUBE-AZRTOS-H7.3.3.0
2025-03-03 20:59:46,580 [WARN] ConditionMgr:438 - getConditionDescription Invalid condition id : UX DEVICE CLASS RTOS Condition cause : null
2025-03-03 20:59:46,606 [WARN] ConditionMgr:438 - getConditionDescription Invalid condition id : UX DEVICE CLASS RTOS Condition cause : null
2025-03-03 20:59:46,611 [WARN] PackLoader:240 - Cannot read IP mode file for STMicroelectronics.X-CUBE-AZRTOS-WB.2.0.0
2025-03-03 20:59:46,612 [WARN] ConditionMgr:1039 - genDependencies : Invalid condition id : UX DEVICE CLASS RTOS Condition cause : null
2025-03-03 20:59:46,612 [WARN] ConditionMgr:1039 - genDependencies : Invalid condition id : UX DEVICE CLASS RTOS Condition cause : null
2025-03-03 20:59:46,616 [WARN] ConditionMgr:1039 - genDependencies : Invalid condition id : UX DEVICE CLASS RTOS Condition cause : null
2025-03-03 20:59:46,627 [WARN] ConditionMgr:1039 - genDependencies : Invalid condition id : UX DEVICE CLASS RTOS Condition cause : null
2025-03-03 20:59:46,627 [WARN] ConditionMgr:1039 - genDependencies : Invalid condition id : UX DEVICE CLASS RTOS Condition cause : null
2025-03-03 20:59:46,646 [WARN] PackLoader:240 - Cannot read IP mode file for STMicroelectronics.X-CUBE-GNSS1.7.0.1
2025-03-03 20:59:46,656 [ERROR] Engine:466 - C:\Users\compro\.stm32cubemx\thirdparties\pdsc\STMicroelectronics.FP-SNS-STBOX1.2.0.0.pdsc: PDSC version is not supported
2025-03-03 20:59:46,671 [WARN] PackLoader:240 - Cannot read IP mode file for STMicroelectronics.X-CUBE-SUBG2.5.0.0
2025-03-03 20:59:46,685 [WARN] PackLoader:240 - Cannot read IP mode file for Cesanta.I-CUBE-Mongoose.7.13.0
2025-03-03 20:59:46,709 [WARN] PackLoader:240 - Cannot read IP mode file for STMicroelectronics.X-CUBE-AZRTOS-G4.2.0.0
2025-03-03 20:59:46,721 [ERROR] Engine:466 - C:\Users\compro\.stm32cubemx\thirdparties\pdsc\STMicroelectronics.X-CUBE-IPS.3.1.0.pdsc: PDSC version is not supported
2025-03-03 20:59:46,732 [WARN] PackLoader:240 - Cannot read IP mode file for STMicroelectronics.X-CUBE-ALS.1.0.2
2025-03-03 20:59:46,759 [WARN] PackLoader:240 - Cannot read IP mode file for STMicroelectronics.X-CUBE-TOUCHGFX.4.24.2
2025-03-03 20:59:46,779 [WARN] PackLoader:240 - Cannot read IP mode file for wolfSSL.I-CUBE-wolfTPM.3.4.0
2025-03-03 20:59:46,797 [WARN] PackLoader:240 - Cannot read IP mode file for portGmbH.I-Cube-SoM-uGOAL.1.1.0
2025-03-03 20:59:46,820 [WARN] PackLoader:240 - Cannot read IP mode file for STMicroelectronics.X-CUBE-AZRTOS-H7RS.1.0.0
2025-03-03 20:59:46,829 [ERROR] Engine:466 - C:\Users\compro\.stm32cubemx\thirdparties\pdsc\STMicroelectronics.X-CUBE-TOF1.3.4.2.pdsc: PDSC version is not supported
2025-03-03 20:59:46,847 [WARN] PackLoader:240 - Cannot read IP mode file for wolfSSL.I-CUBE-wolfSSH.1.4.17
2025-03-03 20:59:46,848 [INFO] ThirdParty:978 - Integrity check success = true
2025-03-03 20:59:46,848 [INFO] IntegrityCheckThread:100 - exiting critical section [integrity check]
2025-03-03 20:59:46,848 [INFO] IntegrityCheckThread:103 - End integrity checks thread
2025-03-03 21:00:07,280 [ERROR] LogOutputStream:75 - [STDERR_REDIRECT] SLF4J: Failed to load class "org.slf4j.impl.StaticLoggerBinder".
2025-03-03 21:00:07,281 [ERROR] LogOutputStream:75 - [STDERR_REDIRECT] SLF4J: Defaulting to no-operation (NOP) logger implementation
2025-03-03 21:00:07,282 [ERROR] LogOutputStream:75 - [STDERR_REDIRECT] SLF4J: See http://www.slf4j.org/codes.html#StaticLoggerBinder for further details.
2025-03-03 23:03:30,569 [ERROR] LogOutputStream:75 - [STDERR_REDIRECT] 
