2025-03-05 09:42:15,738 [INFO] Activator:176 - 


2025-03-05 09:42:15,745 [INFO] Activator:177 - !SESSION log4j initialized
2025-03-05 09:42:22,393 [INFO] LogOutputStream:77 - [STDOUT_REDIRECT] 
2025-03-05 09:42:26,237 [INFO] ApplicationProperties:184 - Using Application install path: C:\ST\STM32CubeIDE_1.13.2\STM32CubeIDE\plugins\com.st.stm32cube.common.mx_6.9.2.202309101412
2025-03-05 09:42:26,264 [INFO] DbMcusXml:78 - Set database path to: C:\ST\STM32CubeIDE_1.13.2\STM32CubeIDE\plugins\com.st.stm32cube.common.mx_6.9.2.202309101412\\db\/mcu/
2025-03-05 09:42:26,264 [INFO] ApiDb:274 - Set plugin database path to: C:\ST\STM32CubeIDE_1.13.2\STM32CubeIDE\plugins\com.st.stm32cube.common.mx_6.9.2.202309101412\\db\/plugins/boardmanager/
2025-03-05 09:42:26,264 [WARN] ApiDb:259 - Overriding images path with different value:  => C:\ST\STM32CubeIDE_1.13.2\STM32CubeIDE\plugins\com.st.stm32cube.common.mx_6.9.2.202309101412\\db\/plugins/mcufinder/images/
2025-03-05 09:42:26,288 [INFO] ApiDb:250 - Set database path to: C:\Users\compro\.stmcufinder\plugins\mcufinder//mcu/
2025-03-05 09:42:26,290 [INFO] DbMcusAds:125 - Set database path to: C:\Users\compro\.stmcufinder\plugins\mcufinder//mcu/
2025-03-05 09:42:26,292 [INFO] CrossReferenceDbSqlite:203 - Set database path to: C:\Users\compro\.stmcufinder\plugins\mcufinder//mcu/cs/
2025-03-05 09:42:26,434 [INFO] RulesReader:64 - Compatibility file has been processed (293 Rules)
2025-03-05 09:42:26,572 [INFO] DbMcusXml:78 - Set database path to: C:\ST\STM32CubeIDE_1.13.2\STM32CubeIDE\plugins\com.st.stm32cube.common.mx_6.9.2.202309101412\\db\/mcu/
2025-03-05 09:42:26,572 [INFO] ApiDb:274 - Set plugin database path to: C:\ST\STM32CubeIDE_1.13.2\STM32CubeIDE\plugins\com.st.stm32cube.common.mx_6.9.2.202309101412\\db\/plugins/boardmanager/
2025-03-05 09:42:26,573 [INFO] ApiDb:261 - Set plugin images path to: C:\ST\STM32CubeIDE_1.13.2\STM32CubeIDE\plugins\com.st.stm32cube.common.mx_6.9.2.202309101412\\db\/plugins/mcufinder/images/
2025-03-05 09:42:26,573 [WARN] DbFile:41 - Overriding database path with different value: C:\Users\compro\.stmcufinder\plugins\mcufinder/ => C:\Users\compro\.stmcufinder\plugins\mcufinder
2025-03-05 09:42:26,573 [INFO] ApiDb:250 - Set database path to: C:\Users\compro\.stmcufinder\plugins\mcufinder//mcu/
2025-03-05 09:42:26,573 [WARN] DbFile:41 - Overriding database path with different value: C:\Users\compro\.stmcufinder\plugins\mcufinder/ => C:\Users\compro\.stmcufinder\plugins\mcufinder
2025-03-05 09:42:26,573 [INFO] DbMcusAds:125 - Set database path to: C:\Users\compro\.stmcufinder\plugins\mcufinder//mcu/
2025-03-05 09:42:26,573 [WARN] DbFile:41 - Overriding database path with different value: C:\Users\compro\.stmcufinder\plugins\mcufinder/ => C:\Users\compro\.stmcufinder\plugins\mcufinder
2025-03-05 09:42:26,573 [WARN] DbFile:41 - Overriding database path with different value: C:\Users\compro\.stmcufinder\plugins\mcufinder/ => C:\Users\compro\.stmcufinder\plugins\mcufinder
2025-03-05 09:42:26,573 [INFO] CrossReferenceDbSqlite:203 - Set database path to: C:\Users\compro\.stmcufinder\plugins\mcufinder//mcu/cs/
2025-03-05 09:42:26,706 [INFO] MainPanel:262 - HeapMemory: 268435456
2025-03-05 09:42:26,847 [INFO] DbMcusXml:78 - Set database path to: C:\ST\STM32CubeIDE_1.13.2\STM32CubeIDE\plugins\com.st.stm32cube.common.mx_6.9.2.202309101412\\db\/mcu/
2025-03-05 09:42:26,848 [INFO] ApiDb:274 - Set plugin database path to: C:\ST\STM32CubeIDE_1.13.2\STM32CubeIDE\plugins\com.st.stm32cube.common.mx_6.9.2.202309101412\\db\/plugins/boardmanager/
2025-03-05 09:42:26,848 [INFO] ApiDb:261 - Set plugin images path to: C:\ST\STM32CubeIDE_1.13.2\STM32CubeIDE\plugins\com.st.stm32cube.common.mx_6.9.2.202309101412\\db\/plugins/mcufinder/images/
2025-03-05 09:42:26,849 [WARN] DbFile:41 - Overriding database path with different value: C:\Users\compro\.stmcufinder\plugins\mcufinder/ => C:\Users\compro\.stmcufinder\plugins\mcufinder
2025-03-05 09:42:26,849 [INFO] ApiDb:250 - Set database path to: C:\Users\compro\.stmcufinder\plugins\mcufinder//mcu/
2025-03-05 09:42:26,849 [WARN] DbFile:41 - Overriding database path with different value: C:\Users\compro\.stmcufinder\plugins\mcufinder/ => C:\Users\compro\.stmcufinder\plugins\mcufinder
2025-03-05 09:42:26,849 [INFO] DbMcusAds:125 - Set database path to: C:\Users\compro\.stmcufinder\plugins\mcufinder//mcu/
2025-03-05 09:42:26,849 [WARN] DbFile:41 - Overriding database path with different value: C:\Users\compro\.stmcufinder\plugins\mcufinder/ => C:\Users\compro\.stmcufinder\plugins\mcufinder
2025-03-05 09:42:26,849 [WARN] DbFile:41 - Overriding database path with different value: C:\Users\compro\.stmcufinder\plugins\mcufinder/ => C:\Users\compro\.stmcufinder\plugins\mcufinder
2025-03-05 09:42:26,849 [INFO] CrossReferenceDbSqlite:203 - Set database path to: C:\Users\compro\.stmcufinder\plugins\mcufinder//mcu/cs/
2025-03-05 09:42:26,880 [INFO] ApplicationProperties:184 - Using Application install path: C:\ST\STM32CubeIDE_1.13.2\STM32CubeIDE\plugins\com.st.stm32cube.common.mx_6.9.2.202309101412
2025-03-05 09:42:26,881 [INFO] PluginManage:196 - Search for loadable plugins [exclusion list=, ]
2025-03-05 09:42:26,883 [INFO] PluginManage:310 - Check plugin analytics
2025-03-05 09:42:27,056 [INFO] AnalyticsPlugin:253 - Accepted Software Licenses: STM32CubeMX.6.13.0
2025-03-05 09:42:27,056 [INFO] AnalyticsPlugin:255 - Accepted CMSIS Pack Licenses: 
2025-03-05 09:42:27,057 [INFO] AnalyticsPlugin:257 - Accepted Firmware Licenses: 
2025-03-05 09:42:27,060 [INFO] PluginManage:359 - Loaded plugin analytics (category:tool,tabindex:-1)
2025-03-05 09:42:27,061 [INFO] PluginManage:310 - Check plugin cadmodel
2025-03-05 09:42:27,122 [INFO] CADModel:105 - Init CAD model plugin
2025-03-05 09:42:27,122 [INFO] PluginManage:359 - Loaded plugin cadmodel (category:power,tabindex:5)
2025-03-05 09:42:27,122 [INFO] PluginManage:310 - Check plugin clock
2025-03-05 09:42:27,155 [INFO] PluginManage:359 - Loaded plugin clock (category:base,tabindex:2)
2025-03-05 09:42:27,155 [INFO] PluginManage:310 - Check plugin ddr
2025-03-05 09:42:27,158 [INFO] PluginManage:359 - Loaded plugin ddr (category:tool,tabindex:6)
2025-03-05 09:42:27,159 [INFO] PluginManage:310 - Check plugin filemanager
2025-03-05 09:42:27,422 [INFO] PluginManage:359 - Loaded plugin filemanager (category:base,tabindex:10)
2025-03-05 09:42:27,423 [INFO] PluginManage:310 - Check plugin ipmanager
2025-03-05 09:42:27,436 [INFO] PluginManage:359 - Loaded plugin ipmanager (category:base,tabindex:5)
2025-03-05 09:42:27,436 [INFO] PluginManage:310 - Check plugin lpbam
2025-03-05 09:42:27,457 [INFO] PluginManage:359 - Loaded plugin lpbam (category:base,tabindex:0)
2025-03-05 09:42:27,458 [INFO] PluginManage:310 - Check plugin memorymap
2025-03-05 09:42:27,488 [INFO] PluginManage:359 - Loaded plugin memorymap (category:base,tabindex:4)
2025-03-05 09:42:27,488 [INFO] PluginManage:310 - Check plugin pinoutandconfiguration
2025-03-05 09:42:27,514 [INFO] PluginManage:359 - Loaded plugin pinoutandconfiguration (category:base,tabindex:1)
2025-03-05 09:42:27,514 [INFO] PluginManage:310 - Check plugin pinoutconfig
2025-03-05 09:42:27,638 [WARN] SupportedApi:132 - Cannot load RTOS API schema: s4s-elt-must-match.1: The content of 'definitions' must match (annotation?, (simpleType | complexType)?, (unique | key | keyref)*)). A problem was found starting at: attribute.
2025-03-05 09:42:27,820 [INFO] PluginManage:359 - Loaded plugin pinoutconfig (category:base,tabindex:0)
2025-03-05 09:42:27,820 [INFO] PluginManage:310 - Check plugin power
2025-03-05 09:42:27,891 [INFO] PluginManage:359 - Loaded plugin power (category:power,tabindex:4)
2025-03-05 09:42:27,891 [INFO] PluginManage:310 - Check plugin projectmanager
2025-03-05 09:42:27,913 [INFO] PluginManage:359 - Loaded plugin projectmanager (category:projectmanager,tabindex:3)
2025-03-05 09:42:27,913 [INFO] PluginManage:310 - Check plugin thirdparty
2025-03-05 09:42:28,182 [INFO] PluginManage:359 - Loaded plugin thirdparty (category:base,tabindex:-1)
2025-03-05 09:42:28,182 [WARN] IntegrityCheckThread:84 - waiting for thirdparty lock release [integrity check]
2025-03-05 09:42:28,182 [INFO] PluginManage:310 - Check plugin tools
2025-03-05 09:42:28,182 [INFO] IntegrityCheckThread:86 - entering critical section [integrity check]
2025-03-05 09:42:28,182 [INFO] ThirdPartyUpdaterWithRetryManager:70 - Updater plugin not ready yet. [1/15]
2025-03-05 09:42:28,192 [INFO] PluginManage:359 - Loaded plugin tools (category:base,tabindex:7)
2025-03-05 09:42:28,193 [INFO] PluginManage:310 - Check plugin tutovideos
2025-03-05 09:42:28,422 [INFO] PluginManage:359 - Loaded plugin tutovideos (category:base,tabindex:-1)
2025-03-05 09:42:28,422 [INFO] PluginManage:310 - Check plugin updater
2025-03-05 09:42:28,438 [INFO] PluginManage:359 - Loaded plugin updater (category:base,tabindex:12)
2025-03-05 09:42:28,438 [INFO] PluginManage:310 - Check plugin userauth
2025-03-05 09:42:28,445 [INFO] UserAuth:113 - Init User Auth plugin
2025-03-05 09:42:28,445 [INFO] PluginManage:359 - Loaded plugin userauth (category:base,tabindex:14)
2025-03-05 09:42:28,446 [INFO] PluginManage:283 - PluginManage : Loaded plugins [17]
2025-03-05 09:42:28,764 [INFO] PinOutPanel:1499 - setPackage(No Configuration,No Configuration)
2025-03-05 09:42:28,918 [INFO] CADModel:165 - CPN selected for project level
2025-03-05 09:42:28,918 [INFO] CADModel:114 - Register for checkConnection events
2025-03-05 09:42:28,944 [INFO] IPUIPlugin:80 - create IPUIPlugin
2025-03-05 09:42:28,944 [INFO] PluginManager:220 - loadIPPluginJar : add adc
2025-03-05 09:42:28,953 [INFO] IPUIPlugin:80 - create IPUIPlugin
2025-03-05 09:42:28,953 [INFO] PluginManager:220 - loadIPPluginJar : add aes
2025-03-05 09:42:28,964 [INFO] IPUIPlugin:80 - create IPUIPlugin
2025-03-05 09:42:28,964 [INFO] PluginManager:220 - loadIPPluginJar : add can
2025-03-05 09:42:28,969 [INFO] IPUIPlugin:80 - create IPUIPlugin
2025-03-05 09:42:28,970 [INFO] PluginManager:220 - loadIPPluginJar : add comp
2025-03-05 09:42:28,979 [INFO] IPUIPlugin:80 - create IPUIPlugin
2025-03-05 09:42:28,979 [INFO] PluginManager:220 - loadIPPluginJar : add cryp
2025-03-05 09:42:28,986 [INFO] IPUIPlugin:80 - create IPUIPlugin
2025-03-05 09:42:28,986 [INFO] PluginManager:220 - loadIPPluginJar : add dfsdm
2025-03-05 09:42:28,998 [INFO] IPUIPlugin:80 - create IPUIPlugin
2025-03-05 09:42:28,998 [INFO] PluginManager:220 - loadIPPluginJar : add dma
2025-03-05 09:42:29,006 [INFO] IPUIPlugin:80 - create IPUIPlugin
2025-03-05 09:42:29,006 [INFO] PluginManager:220 - loadIPPluginJar : add dma3
2025-03-05 09:42:29,012 [INFO] IPUIPlugin:80 - create IPUIPlugin
2025-03-05 09:42:29,012 [INFO] PluginManager:220 - loadIPPluginJar : add fatfs
2025-03-05 09:42:29,025 [INFO] IPUIPlugin:80 - create IPUIPlugin
2025-03-05 09:42:29,025 [INFO] PluginManager:220 - loadIPPluginJar : add fmc
2025-03-05 09:42:29,043 [INFO] IPUIPlugin:80 - create IPUIPlugin
2025-03-05 09:42:29,044 [INFO] PluginManager:220 - loadIPPluginJar : add freertos
2025-03-05 09:42:29,048 [INFO] IPUIPlugin:80 - create IPUIPlugin
2025-03-05 09:42:29,048 [INFO] PluginManager:220 - loadIPPluginJar : add genericplugin
2025-03-05 09:42:29,058 [INFO] IPUIPlugin:80 - create IPUIPlugin
2025-03-05 09:42:29,059 [INFO] PluginManager:220 - loadIPPluginJar : add gfxmmu
2025-03-05 09:42:29,071 [INFO] IPUIPlugin:80 - create IPUIPlugin
2025-03-05 09:42:29,071 [INFO] PluginManager:220 - loadIPPluginJar : add gic
2025-03-05 09:42:29,085 [INFO] IPUIPlugin:80 - create IPUIPlugin
2025-03-05 09:42:29,085 [INFO] PluginManager:220 - loadIPPluginJar : add gpio
2025-03-05 09:42:29,103 [INFO] IPUIPlugin:80 - create IPUIPlugin
2025-03-05 09:42:29,103 [INFO] PluginManager:220 - loadIPPluginJar : add gtzc
2025-03-05 09:42:29,113 [INFO] IPUIPlugin:80 - create IPUIPlugin
2025-03-05 09:42:29,113 [INFO] PluginManager:220 - loadIPPluginJar : add hash
2025-03-05 09:42:29,127 [INFO] IPUIPlugin:80 - create IPUIPlugin
2025-03-05 09:42:29,127 [INFO] PluginManager:220 - loadIPPluginJar : add i2c
2025-03-05 09:42:29,140 [INFO] IPUIPlugin:80 - create IPUIPlugin
2025-03-05 09:42:29,140 [INFO] PluginManager:220 - loadIPPluginJar : add i2s
2025-03-05 09:42:29,152 [INFO] IPUIPlugin:80 - create IPUIPlugin
2025-03-05 09:42:29,152 [INFO] PluginManager:220 - loadIPPluginJar : add i3c
2025-03-05 09:42:29,165 [INFO] IPUIPlugin:80 - create IPUIPlugin
2025-03-05 09:42:29,165 [INFO] PluginManager:220 - loadIPPluginJar : add ipddr
2025-03-05 09:42:29,182 [INFO] IPUIPlugin:80 - create IPUIPlugin
2025-03-05 09:42:29,182 [INFO] PluginManager:220 - loadIPPluginJar : add linkedlist
2025-03-05 09:42:29,191 [INFO] IPUIPlugin:80 - create IPUIPlugin
2025-03-05 09:42:29,191 [INFO] PluginManager:220 - loadIPPluginJar : add lorawan
2025-03-05 09:42:29,200 [INFO] IPUIPlugin:80 - create IPUIPlugin
2025-03-05 09:42:29,201 [INFO] PluginManager:220 - loadIPPluginJar : add ltdc
2025-03-05 09:42:29,213 [INFO] IPUIPlugin:80 - create IPUIPlugin
2025-03-05 09:42:29,213 [INFO] PluginManager:220 - loadIPPluginJar : add mdma
2025-03-05 09:42:29,224 [INFO] IPUIPlugin:80 - create IPUIPlugin
2025-03-05 09:42:29,224 [INFO] PluginManager:220 - loadIPPluginJar : add nvic
2025-03-05 09:42:29,234 [INFO] IPUIPlugin:80 - create IPUIPlugin
2025-03-05 09:42:29,234 [INFO] PluginManager:220 - loadIPPluginJar : add opamp
2025-03-05 09:42:29,246 [INFO] IPUIPlugin:80 - create IPUIPlugin
2025-03-05 09:42:29,246 [INFO] PluginManager:220 - loadIPPluginJar : add openamp
2025-03-05 09:42:29,259 [INFO] IPUIPlugin:80 - create IPUIPlugin
2025-03-05 09:42:29,259 [INFO] PluginManager:220 - loadIPPluginJar : add pdm2pcm
2025-03-05 09:42:29,276 [INFO] IPUIPlugin:80 - create IPUIPlugin
2025-03-05 09:42:29,279 [INFO] PluginManager:220 - loadIPPluginJar : add plateformsettings
2025-03-05 09:42:29,286 [INFO] IPUIPlugin:80 - create IPUIPlugin
2025-03-05 09:42:29,286 [INFO] PluginManager:220 - loadIPPluginJar : add quadspi
2025-03-05 09:42:29,306 [INFO] IPUIPlugin:80 - create IPUIPlugin
2025-03-05 09:42:29,306 [INFO] PluginManager:220 - loadIPPluginJar : add resmgrutility
2025-03-05 09:42:29,320 [INFO] IPUIPlugin:80 - create IPUIPlugin
2025-03-05 09:42:29,320 [INFO] PluginManager:220 - loadIPPluginJar : add sai
2025-03-05 09:42:29,332 [INFO] IPUIPlugin:80 - create IPUIPlugin
2025-03-05 09:42:29,332 [INFO] PluginManager:220 - loadIPPluginJar : add spi
2025-03-05 09:42:29,350 [INFO] IPUIPlugin:80 - create IPUIPlugin
2025-03-05 09:42:29,350 [INFO] PluginManager:220 - loadIPPluginJar : add stm32_wpan
2025-03-05 09:42:29,357 [INFO] IPUIPlugin:80 - create IPUIPlugin
2025-03-05 09:42:29,357 [INFO] PluginManager:220 - loadIPPluginJar : add tim
2025-03-05 09:42:29,370 [INFO] IPUIPlugin:80 - create IPUIPlugin
2025-03-05 09:42:29,370 [INFO] PluginManager:220 - loadIPPluginJar : add touchsensing
2025-03-05 09:42:29,377 [INFO] IPUIPlugin:80 - create IPUIPlugin
2025-03-05 09:42:29,377 [INFO] PluginManager:220 - loadIPPluginJar : add tracer_emb
2025-03-05 09:42:29,383 [INFO] IPUIPlugin:80 - create IPUIPlugin
2025-03-05 09:42:29,383 [INFO] PluginManager:220 - loadIPPluginJar : add ts
2025-03-05 09:42:29,389 [INFO] IPUIPlugin:80 - create IPUIPlugin
2025-03-05 09:42:29,389 [INFO] PluginManager:220 - loadIPPluginJar : add tsc
2025-03-05 09:42:29,395 [INFO] IPUIPlugin:80 - create IPUIPlugin
2025-03-05 09:42:29,396 [INFO] PluginManager:220 - loadIPPluginJar : add ucpd
2025-03-05 09:42:29,407 [INFO] IPUIPlugin:80 - create IPUIPlugin
2025-03-05 09:42:29,407 [INFO] PluginManager:220 - loadIPPluginJar : add usart
2025-03-05 09:42:29,418 [INFO] IPUIPlugin:80 - create IPUIPlugin
2025-03-05 09:42:29,418 [INFO] PluginManager:220 - loadIPPluginJar : add usbx
2025-03-05 09:42:29,543 [INFO] CADModel:165 - CPN selected for project level
2025-03-05 09:42:29,544 [INFO] CADModel:114 - Register for checkConnection events
2025-03-05 09:42:29,544 [FATAL] Updater:308 - Updater called before beeing initialized
2025-03-05 09:42:29,544 [ERROR] CADModel:125 - Updater not yet initialized, retry later 
2025-03-05 09:42:29,692 [INFO] CADModel:165 - CPN selected for project level
2025-03-05 09:42:29,692 [INFO] CADModel:114 - Register for checkConnection events
2025-03-05 09:42:29,692 [FATAL] Updater:308 - Updater called before beeing initialized
2025-03-05 09:42:29,692 [ERROR] CADModel:125 - Updater not yet initialized, retry later 
2025-03-05 09:42:29,696 [FATAL] Updater:308 - Updater called before beeing initialized
2025-03-05 09:42:29,818 [FATAL] Updater:308 - Updater called before beeing initialized
2025-03-05 09:42:29,824 [INFO] DbMcusAds:53 - JSON generation date=Wed Dec 18 01:01:15 KST 2024 (1734451275111)
2025-03-05 09:42:29,825 [FATAL] Updater:308 - Updater called before beeing initialized
2025-03-05 09:42:29,880 [WARN] DetailPanel:346 - Failed to get advertising image, set to default
2025-03-05 09:42:30,020 [FATAL] Updater:308 - Updater called before beeing initialized
2025-03-05 09:42:30,022 [FATAL] Updater:308 - Updater called before beeing initialized
2025-03-05 09:42:30,022 [FATAL] Updater:308 - Updater called before beeing initialized
2025-03-05 09:42:30,022 [WARN] DetailPanel:346 - Failed to get advertising image, set to default
2025-03-05 09:42:30,023 [FATAL] Updater:308 - Updater called before beeing initialized
2025-03-05 09:42:30,067 [ERROR] Updater:1120 - MainUpdater not yet initialized. External WinMGr cannot be set.
2025-03-05 09:42:30,071 [INFO] Updater:1056 - Updater Version found : 6.9.2
2025-03-05 09:42:30,088 [INFO] ApplicationProperties:184 - Using Application install path: C:\ST\STM32CubeIDE_1.13.2\STM32CubeIDE\plugins\com.st.stm32cube.common.mx_6.9.2.202309101412
2025-03-05 09:42:30,747 [INFO] MainUpdater:2868 - connection check result : 10
2025-03-05 09:42:30,748 [INFO] MainUpdater:285 - Updater Check For Update Now.
2025-03-05 09:42:30,748 [INFO] MicroXplorer:498 - Change Database Version : DB.6.0.92
2025-03-05 09:42:30,757 [INFO] McuFinderGlobals:63 - Set McuFinder mode to 2 (CubeIDE integrated)
2025-03-05 09:42:30,757 [INFO] UserAuth:179 - activating auth plugin
2025-03-05 09:42:30,760 [INFO] UserAuth:393 - Internet connection configuration mode: 1
2025-03-05 09:42:30,790 [INFO] JxBrowserEngine:151 - Initiate JxBrowser Engine with user profile folder
2025-03-05 09:42:30,945 [INFO] CheckServerUpdateThread:120 - End of CheckServer Thread
2025-03-05 09:42:31,737 [WARN] PackLoader:240 - Cannot read IP mode file for STMicroelectronics.FP-SNS-MOTENVWB1.1.4.0
2025-03-05 09:42:31,750 [WARN] PackLoader:240 - Cannot read IP mode file for STMicroelectronics.FP-ATR-ASTRA1.2.0.2
2025-03-05 09:42:31,758 [WARN] PackLoader:240 - Cannot read IP mode file for STMicroelectronics.FP-ATR-ASTRA1.2.0.1
2025-03-05 09:42:31,773 [WARN] PackLoader:240 - Cannot read IP mode file for STMicroelectronics.X-CUBE-SMBUS.2.1.0
2025-03-05 09:42:31,790 [WARN] PackLoader:240 - Cannot read IP mode file for STMicroelectronics.X-CUBE-WB05N.1.1.0
2025-03-05 09:42:31,836 [WARN] PackLoader:240 - Cannot read IP mode file for STMicroelectronics.X-CUBE-AZRTOS-F7.1.1.0
2025-03-05 09:42:31,850 [WARN] PackLoader:240 - Cannot read IP mode file for STMicroelectronics.FP-SNS-FLIGHT1.5.0.2
2025-03-05 09:42:31,865 [ERROR] Engine:466 - C:\Users\compro\.stm32cubemx\thirdparties\pdsc\Infineon.AIROC-Wi-Fi-Bluetooth-STM32.1.7.0.pdsc: PDSC version is not supported
2025-03-05 09:42:31,881 [WARN] PackLoader:240 - Cannot read IP mode file for STMicroelectronics.X-CUBE-DISPLAY.3.0.0
2025-03-05 09:42:31,899 [WARN] PackLoader:240 - Cannot read IP mode file for STMicroelectronics.X-CUBE-BLE1.7.0.0
2025-03-05 09:42:31,916 [WARN] PackLoader:240 - Cannot read IP mode file for STMicroelectronics.X-CUBE-NFC10.1.0.0
2025-03-05 09:42:31,924 [ERROR] Engine:466 - C:\Users\compro\.stm32cubemx\thirdparties\pdsc\STMicroelectronics.X-CUBE-BLEMGR.4.0.0.pdsc: PDSC version is not supported
2025-03-05 09:42:31,935 [WARN] PackLoader:240 - Cannot read IP mode file for emotas.I-CUBE-CANOPEN.1.3.0
2025-03-05 09:42:31,948 [WARN] PackLoader:240 - Cannot read IP mode file for STMicroelectronics.X-CUBE-AI.10.0.0
2025-03-05 09:42:31,958 [WARN] PackLoader:240 - Cannot read IP mode file for STMicroelectronics.FP-SNS-SMARTAG2.1.2.0
2025-03-05 09:42:32,068 [WARN] PackLoader:240 - Cannot read IP mode file for STMicroelectronics.X-CUBE-MEMS1.11.1.0
2025-03-05 09:42:32,205 [INFO] LogOutputStream:77 - [STDOUT_REDIRECT] 1 : Invalid condition id : UX_CORESTACK_Condition cause : null
2025-03-05 09:42:32,207 [INFO] LogOutputStream:77 - [STDOUT_REDIRECT] 1 : Invalid condition id : UX_CORESTACK_Condition cause : null
2025-03-05 09:42:32,208 [INFO] LogOutputStream:77 - [STDOUT_REDIRECT] 1 : Invalid condition id : UX_CORESTACK_Condition cause : null
2025-03-05 09:42:32,209 [INFO] LogOutputStream:77 - [STDOUT_REDIRECT] 1 : Invalid condition id : UX_CORESTACK_Condition cause : null
2025-03-05 09:42:32,210 [INFO] LogOutputStream:77 - [STDOUT_REDIRECT] 1 : Invalid condition id : UX_CORESTACK_Condition cause : null
2025-03-05 09:42:32,213 [WARN] PackLoader:240 - Cannot read IP mode file for STMicroelectronics.X-CUBE-AZRTOS-WL.2.0.0
2025-03-05 09:42:32,225 [WARN] PackLoader:240 - Cannot read IP mode file for STMicroelectronics.FP-SNS-MOTENV1.5.0.0
2025-03-05 09:42:32,245 [WARN] PackLoader:240 - Cannot read IP mode file for wolfSSL.I-CUBE-wolfMQTT.1.19.0
2025-03-05 09:42:32,266 [WARN] PackLoader:240 - Cannot read IP mode file for WES.I-CUBE-Cesium.1.3.0
2025-03-05 09:42:32,283 [WARN] PackLoader:240 - Cannot read IP mode file for STMicroelectronics.X-CUBE-BLE2.3.3.0
2025-03-05 09:42:32,307 [WARN] PackLoader:240 - Cannot read IP mode file for STMicroelectronics.X-CUBE-NFC9.1.0.0
2025-03-05 09:42:32,323 [WARN] PackLoader:240 - Cannot read IP mode file for STMicroelectronics.X-CUBE-BLE1.7.1.0
2025-03-05 09:42:32,375 [WARN] PackLoader:240 - Cannot read IP mode file for STMicroelectronics.X-CUBE-AZRTOS-G0.1.1.0
2025-03-05 09:42:32,403 [WARN] PackLoader:240 - Cannot read IP mode file for STMicroelectronics.X-CUBE-SAFEA1.1.2.2
2025-03-05 09:42:32,473 [WARN] PackLoader:240 - Cannot read IP mode file for STMicroelectronics.X-CUBE-NFC4.3.0.0
2025-03-05 09:42:32,485 [ERROR] Engine:466 - C:\Users\compro\.stm32cubemx\thirdparties\pdsc\EmbeddedOffice.I-CUBE-FS-RTOS.1.0.1.pdsc: PDSC version is not supported
2025-03-05 09:42:32,493 [ERROR] Engine:466 - C:\Users\compro\.stm32cubemx\thirdparties\pdsc\STMicroelectronics.X-CUBE-TCPP.4.2.0.pdsc: PDSC version is not supported
2025-03-05 09:42:32,503 [ERROR] Engine:466 - C:\Users\compro\.stm32cubemx\thirdparties\pdsc\RealThread.X-CUBE-RT-Thread_Nano.4.1.1.pdsc: PDSC version is not supported
2025-03-05 09:42:32,541 [WARN] PackLoader:240 - Cannot read IP mode file for STMicroelectronics.FP-ATR-SIGFOX1.3.2.0
2025-03-05 09:42:32,580 [ERROR] Engine:466 - C:\Users\compro\.stm32cubemx\thirdparties\pdsc\quantropi.X-CUBE-qispace-sdk-base.1.9.3.pdsc: PDSC version is not supported
2025-03-05 09:42:32,644 [WARN] PackLoader:240 - Cannot read IP mode file for STMicroelectronics.X-CUBE-EEPRMA1.5.1.0
2025-03-05 09:42:32,656 [WARN] PackLoader:240 - Cannot read IP mode file for wolfSSL.I-CUBE-wolfSSL.5.7.6
2025-03-05 09:42:32,670 [WARN] PackLoader:240 - Cannot read IP mode file for ITTIA_DB.I-CUBE-ITTIADB.8.9.0
2025-03-05 09:42:32,701 [WARN] PackLoader:240 - Cannot read IP mode file for SEGGER.I-CUBE-embOS.1.3.1
2025-03-05 09:42:33,186 [WARN] PackLoader:240 - Cannot read IP mode file for STMicroelectronics.X-CUBE-ALGOBUILD.1.4.0
2025-03-05 09:42:33,221 [WARN] PackLoader:240 - Cannot read IP mode file for STMicroelectronics.X-CUBE-AZRTOS-F4.1.1.0
2025-03-05 09:42:33,235 [WARN] PackLoader:240 - Cannot read IP mode file for STMicroelectronics.X-CUBE-ISPU.2.1.0
2025-03-05 09:42:33,290 [WARN] PackLoader:240 - Cannot read IP mode file for STMicroelectronics.X-CUBE-AZRTOS-L5.2.0.0
2025-03-05 09:42:33,325 [WARN] PackLoader:240 - Cannot read IP mode file for STMicroelectronics.X-CUBE-NFC6.3.1.0
2025-03-05 09:42:33,981 [ERROR] Engine:466 - C:\Users\compro\.stm32cubemx\thirdparties\pdsc\STMicroelectronics.X-CUBE-DPower.1.2.0.pdsc: PDSC version is not supported
2025-03-05 09:42:33,993 [WARN] PackLoader:240 - Cannot read IP mode file for STMicroelectronics.X-CUBE-FREERTOS.1.3.0
2025-03-05 09:42:34,012 [WARN] PackLoader:240 - Cannot read IP mode file for STMicroelectronics.X-CUBE-NFC7.1.0.1
2025-03-05 09:42:34,031 [WARN] ConditionMgr:438 - getConditionDescription Invalid condition id : LAN8742 Phy interface Condition cause : null
2025-03-05 09:42:34,032 [WARN] PackLoader:240 - Cannot read IP mode file for STMicroelectronics.X-CUBE-AZRTOS-L4.2.0.0
2025-03-05 09:42:34,033 [WARN] ConditionMgr:1039 - genDependencies : Invalid condition id : LAN8742 Phy interface Condition cause : null
2025-03-05 09:42:34,033 [WARN] ConditionMgr:1039 - genDependencies : Invalid condition id : LAN8742 Phy interface Condition cause : null
2025-03-05 09:42:34,034 [WARN] ConditionMgr:1039 - genDependencies : Invalid condition id : LAN8742 Phy interface Condition cause : null
2025-03-05 09:42:34,049 [WARN] PackLoader:240 - Cannot read IP mode file for STMicroelectronics.X-CUBE-SFXS2LP1.4.0.0
2025-03-05 09:42:34,073 [WARN] PackLoader:240 - Cannot read IP mode file for STMicroelectronics.X-CUBE-AZRTOS-H7.3.3.0
2025-03-05 09:42:34,091 [WARN] ConditionMgr:438 - getConditionDescription Invalid condition id : UX DEVICE CLASS RTOS Condition cause : null
2025-03-05 09:42:34,092 [WARN] ConditionMgr:438 - getConditionDescription Invalid condition id : UX DEVICE CLASS RTOS Condition cause : null
2025-03-05 09:42:34,093 [WARN] PackLoader:240 - Cannot read IP mode file for STMicroelectronics.X-CUBE-AZRTOS-WB.2.0.0
2025-03-05 09:42:34,093 [WARN] ConditionMgr:1039 - genDependencies : Invalid condition id : UX DEVICE CLASS RTOS Condition cause : null
2025-03-05 09:42:34,093 [WARN] ConditionMgr:1039 - genDependencies : Invalid condition id : UX DEVICE CLASS RTOS Condition cause : null
2025-03-05 09:42:34,094 [WARN] ConditionMgr:1039 - genDependencies : Invalid condition id : UX DEVICE CLASS RTOS Condition cause : null
2025-03-05 09:42:34,094 [WARN] ConditionMgr:1039 - genDependencies : Invalid condition id : UX DEVICE CLASS RTOS Condition cause : null
2025-03-05 09:42:34,094 [WARN] ConditionMgr:1039 - genDependencies : Invalid condition id : UX DEVICE CLASS RTOS Condition cause : null
2025-03-05 09:42:34,107 [WARN] PackLoader:240 - Cannot read IP mode file for STMicroelectronics.X-CUBE-GNSS1.7.0.1
2025-03-05 09:42:34,118 [ERROR] Engine:466 - C:\Users\compro\.stm32cubemx\thirdparties\pdsc\STMicroelectronics.FP-SNS-STBOX1.2.0.0.pdsc: PDSC version is not supported
2025-03-05 09:42:34,132 [WARN] PackLoader:240 - Cannot read IP mode file for STMicroelectronics.X-CUBE-SUBG2.5.0.0
2025-03-05 09:42:34,145 [WARN] PackLoader:240 - Cannot read IP mode file for Cesanta.I-CUBE-Mongoose.7.13.0
2025-03-05 09:42:34,163 [WARN] PackLoader:240 - Cannot read IP mode file for STMicroelectronics.X-CUBE-AZRTOS-G4.2.0.0
2025-03-05 09:42:34,171 [ERROR] Engine:466 - C:\Users\compro\.stm32cubemx\thirdparties\pdsc\STMicroelectronics.X-CUBE-IPS.3.1.0.pdsc: PDSC version is not supported
2025-03-05 09:42:34,180 [WARN] PackLoader:240 - Cannot read IP mode file for STMicroelectronics.X-CUBE-ALS.1.0.2
2025-03-05 09:42:34,196 [WARN] PackLoader:240 - Cannot read IP mode file for STMicroelectronics.X-CUBE-TOUCHGFX.4.24.2
2025-03-05 09:42:34,206 [WARN] PackLoader:240 - Cannot read IP mode file for wolfSSL.I-CUBE-wolfTPM.3.4.0
2025-03-05 09:42:34,223 [WARN] PackLoader:240 - Cannot read IP mode file for portGmbH.I-Cube-SoM-uGOAL.1.1.0
2025-03-05 09:42:34,253 [WARN] PackLoader:240 - Cannot read IP mode file for STMicroelectronics.X-CUBE-AZRTOS-H7RS.1.0.0
2025-03-05 09:42:34,263 [ERROR] Engine:466 - C:\Users\compro\.stm32cubemx\thirdparties\pdsc\STMicroelectronics.X-CUBE-TOF1.3.4.2.pdsc: PDSC version is not supported
2025-03-05 09:42:34,274 [WARN] PackLoader:240 - Cannot read IP mode file for wolfSSL.I-CUBE-wolfSSH.1.4.17
2025-03-05 09:42:34,274 [INFO] ThirdParty:978 - Integrity check success = true
2025-03-05 09:42:34,275 [INFO] IntegrityCheckThread:100 - exiting critical section [integrity check]
2025-03-05 09:42:34,275 [INFO] IntegrityCheckThread:103 - End integrity checks thread
2025-03-05 09:42:34,766 [INFO] WebApp:157 - Instantiating new browser for Auth
2025-03-05 09:42:35,627 [INFO] WebApp:753 - Register for checkConnection events
2025-03-05 09:42:35,628 [INFO] WebApp:390 - Apply proxy settings
2025-03-05 09:42:35,628 [INFO] WebApp:475 - Chromium requires no authentication
2025-03-05 09:42:35,635 [INFO] WebApp:418 - Direct internet connection detected
2025-03-05 09:42:35,780 [INFO] WebApp:188 - Starting web application
2025-03-05 09:42:35,780 [INFO] WebApp:520 - Web application path used C:\ST\STM32CubeIDE_1.13.2\STM32CubeIDE\plugins\com.st.stm32cube.common.mx_6.9.2.202309101412\db\plugins\mcufinder\reactClient1\index.html
2025-03-05 09:42:56,539 [ERROR] LogOutputStream:75 - [STDERR_REDIRECT] SLF4J: Failed to load class "org.slf4j.impl.StaticLoggerBinder".
2025-03-05 09:42:56,540 [ERROR] LogOutputStream:75 - [STDERR_REDIRECT] SLF4J: Defaulting to no-operation (NOP) logger implementation
2025-03-05 09:42:56,541 [ERROR] LogOutputStream:75 - [STDERR_REDIRECT] SLF4J: See http://www.slf4j.org/codes.html#StaticLoggerBinder for further details.
